Arguments: 
  C:\Program Files\nodejs\node.exe C:\Program Files (x86)\Yarn\bin\yarn.js init

PATH: 
  C:\Users\Allen\bin;C:\Program Files\Git\mingw64\bin;C:\Program Files\Git\usr\local\bin;C:\Program Files\Git\usr\bin;C:\Program Files\Git\usr\bin;C:\Program Files\Git\mingw64\bin;C:\Program Files\Git\usr\bin;C:\Users\Allen\bin;C:\WINDOWS\system32;C:\WINDOWS;C:\WINDOWS\System32\Wbem;C:\WINDOWS\System32\WindowsPowerShell\v1.0;C:\Java\jdk1.8.0_131\bin;C:\Program Files (x86)\MySQL\MySQL Server 5.5\bin;C:\Users\Allen\AppData\Roaming\nvm;C:\Program Files\nodejs;C:\Program Files (x86)\Microsoft SQL Server\100\Tools\Binn;C:\Program Files\Microsoft SQL Server\100\Tools\Binn;C:\Program Files\Microsoft SQL Server\100\DTS\Binn;C:\Program Files (x86)\Microsoft SQL Server\100\Tools\Binn\VSShell\Common7\IDE;C:\Program Files (x86)\Microsoft Visual Studio 9.0\Common7\IDE\PrivateAssemblies;C:\Program Files (x86)\Microsoft SQL Server\100\DTS\Binn;D:\MongoDB\bin;D:\maven\apache-maven-3.5.2\bin;C:\Users\Allen\Anaconda2\Scripts;D:\phantomJS\phantomjs-2.1.1-windows\bin;C:\Program Files\Git\cmd;D:\Sublime Text3\Sublime Text 3;C:\Program Files (x86)\Yarn\bin;C:\Ruby24-x64\bin;C:\Users\Allen\Anaconda2;C:\Users\Allen\Anaconda2\Library\mingw-w64\bin;C:\Users\Allen\Anaconda2\Library\usr\bin;C:\Users\Allen\Anaconda2\Library\bin;C:\Users\Allen\Anaconda2\Scripts;C:\Users\Allen\AppData\Local\Microsoft\WindowsApps;C:\Users\Allen\AppData\Roaming\搜狐影音\5.2.3.12;C:\Program Files (x86)\Microsoft VS Code\bin;C:\Users\Allen\AppData\Roaming\npm;C:\Users\Allen\AppData\Roaming\nvm;C:\Program Files\nodejs;D:\SSH;D:\Fiddler;C:\Users\Allen\AppData\Local\Yarn\bin;C:\Program Files\Git\usr\bin\vendor_perl;C:\Program Files\Git\usr\bin\core_perl

Yarn version: 
  1.5.1

Node version: 
  8.3.0

Platform: 
  win32 x64

npm manifest: 
  No manifest

yarn manifest: 
  No manifest

Lockfile: 
  No lockfile

Trace: 
  Error: canceled
      at Interface.<anonymous> (C:\Program Files (x86)\Yarn\lib\cli.js:128791:13)
      at emitNone (events.js:105:13)
      at Interface.emit (events.js:207:7)
      at Interface._ttyWrite (readline.js:768:16)
      at ReadStream.onkeypress (readline.js:156:10)
      at emitTwo (events.js:125:13)
      at ReadStream.emit (events.js:213:7)
      at emitKeys (internal/readline.js:420:14)
      at emitKeys.next (<anonymous>)
      at ReadStream.onData (readline.js:1005:36)
